25-01-06.00:34:37.110 [main            ] INFO  Application            - Starting Application using Java 17.0.9 on MacBook-Pro-2.local with PID 53322 (/Users/xiexiaoran/Documents/GitHub/Dynamic-ThreadPool/dynamic-thread-pool/dynamic-thread-pool-test/target/classes started by xiexiaoran in /Users/xiexiaoran/Documents/GitHub/Dynamic-ThreadPool/dynamic-thread-pool)
25-01-06.00:34:37.112 [main            ] INFO  Application            - The following 1 profile is active: "dev"
25-01-06.00:34:37.861 [main            ] INFO  RepositoryConfigurationDelegate - Multiple Spring Data modules found, entering strict repository configuration mode
25-01-06.00:34:37.864 [main            ] INFO  RepositoryConfigurationDelegate - Bootstrapping Spring Data Redis repositories in DEFAULT mode.
25-01-06.00:34:37.890 [main            ] INFO  RepositoryConfigurationDelegate - Finished Spring Data repository scanning in 9 ms. Found 0 Redis repository interfaces.
25-01-06.00:34:38.449 [main            ] INFO  TomcatWebServer        - Tomcat initialized with port(s): 8091 (http)
25-01-06.00:34:38.458 [main            ] INFO  Http11NioProtocol      - Initializing ProtocolHandler ["http-nio-8091"]
25-01-06.00:34:38.458 [main            ] INFO  StandardService        - Starting service [Tomcat]
25-01-06.00:34:38.459 [main            ] INFO  StandardEngine         - Starting Servlet engine: [Apache Tomcat/9.0.75]
25-01-06.00:34:38.583 [main            ] INFO  [/]                    - Initializing Spring embedded WebApplicationContext
25-01-06.00:34:38.584 [main            ] INFO  ServletWebServerApplicationContext - Root WebApplicationContext: initialization completed in 1429 ms
25-01-06.00:34:39.472 [main            ] INFO  Version                - Redisson 3.26.0
25-01-06.00:34:39.512 [main            ] WARN  DnsServerAddressStreamProviders - Can not find io.netty.resolver.dns.macos.MacOSDnsServerAddressStreamProvider in the classpath, fallback to system defaults. This may result in incorrect DNS resolutions on MacOS. Check whether you have a dependency on 'io.netty:netty-resolver-dns-native-macos'
25-01-06.00:34:39.662 [redisson-netty-1-4] INFO  ConnectionsHolder      - 1 connections initialized for 127.0.0.1/127.0.0.1:16379
25-01-06.00:34:39.684 [redisson-netty-1-23] INFO  ConnectionsHolder      - 10 connections initialized for 127.0.0.1/127.0.0.1:16379
25-01-06.00:34:39.716 [main            ] INFO  DynamicThreadPoolAutoConfig - 动态线程池，注册器（redis）链接初始化完成。127.0.0.1 64 true
25-01-06.00:34:40.156 [main            ] INFO  EndpointLinksResolver  - Exposing 1 endpoint(s) beneath base path '/actuator'
25-01-06.00:34:40.183 [main            ] INFO  Http11NioProtocol      - Starting ProtocolHandler ["http-nio-8091"]
25-01-06.00:34:40.193 [main            ] INFO  TomcatWebServer        - Tomcat started on port(s): 8091 (http) with context path ''
25-01-06.00:34:40.212 [main            ] INFO  Application            - Started Application in 3.72 seconds (JVM running for 4.513)
25-01-06.00:34:40.675 [RMI TCP Connection(2)-127.0.0.1] INFO  [/]                    - Initializing Spring DispatcherServlet 'dispatcherServlet'
25-01-06.00:34:40.675 [RMI TCP Connection(2)-127.0.0.1] INFO  DispatcherServlet      - Initializing Servlet 'dispatcherServlet'
25-01-06.00:34:40.677 [RMI TCP Connection(2)-127.0.0.1] INFO  DispatcherServlet      - Completed initialization in 2 ms
25-01-06.00:35:00.181 [scheduling-1    ] INFO  ThreadPoolDataReportJob - 动态线程池，上报线程池信息：[{"activeCount":0,"appName":"dynamic-thread-pool-test-app","corePoolSize":20,"maxPoolSize":50,"poolSize":0,"queueSize":0,"queueType":"LinkedBlockingQueue","remainingCapacity":5000,"threadPoolName":"threadPoolExecutor01"},{"activeCount":0,"appName":"dynamic-thread-pool-test-app","corePoolSize":20,"maxPoolSize":50,"poolSize":0,"queueSize":0,"queueType":"LinkedBlockingQueue","remainingCapacity":5000,"threadPoolName":"threadPoolExecutor02"}]
25-01-06.00:35:00.187 [scheduling-1    ] INFO  ThreadPoolDataReportJob - 动态线程池，上报线程池配置：{"activeCount":0,"appName":"dynamic-thread-pool-test-app","corePoolSize":20,"maxPoolSize":50,"poolSize":0,"queueSize":0,"queueType":"LinkedBlockingQueue","remainingCapacity":5000,"threadPoolName":"threadPoolExecutor01"}
25-01-06.00:35:00.191 [scheduling-1    ] INFO  ThreadPoolDataReportJob - 动态线程池，上报线程池配置：{"activeCount":0,"appName":"dynamic-thread-pool-test-app","corePoolSize":20,"maxPoolSize":50,"poolSize":0,"queueSize":0,"queueType":"LinkedBlockingQueue","remainingCapacity":5000,"threadPoolName":"threadPoolExecutor02"}
25-01-06.00:35:20.018 [scheduling-1    ] INFO  ThreadPoolDataReportJob - 动态线程池，上报线程池信息：[{"activeCount":0,"appName":"dynamic-thread-pool-test-app","corePoolSize":20,"maxPoolSize":50,"poolSize":0,"queueSize":0,"queueType":"LinkedBlockingQueue","remainingCapacity":5000,"threadPoolName":"threadPoolExecutor01"},{"activeCount":0,"appName":"dynamic-thread-pool-test-app","corePoolSize":20,"maxPoolSize":50,"poolSize":0,"queueSize":0,"queueType":"LinkedBlockingQueue","remainingCapacity":5000,"threadPoolName":"threadPoolExecutor02"}]
25-01-06.00:35:20.024 [scheduling-1    ] INFO  ThreadPoolDataReportJob - 动态线程池，上报线程池配置：{"activeCount":0,"appName":"dynamic-thread-pool-test-app","corePoolSize":20,"maxPoolSize":50,"poolSize":0,"queueSize":0,"queueType":"LinkedBlockingQueue","remainingCapacity":5000,"threadPoolName":"threadPoolExecutor01"}
25-01-06.00:35:20.030 [scheduling-1    ] INFO  ThreadPoolDataReportJob - 动态线程池，上报线程池配置：{"activeCount":0,"appName":"dynamic-thread-pool-test-app","corePoolSize":20,"maxPoolSize":50,"poolSize":0,"queueSize":0,"queueType":"LinkedBlockingQueue","remainingCapacity":5000,"threadPoolName":"threadPoolExecutor02"}
25-01-06.00:35:40.019 [scheduling-1    ] INFO  ThreadPoolDataReportJob - 动态线程池，上报线程池信息：[{"activeCount":0,"appName":"dynamic-thread-pool-test-app","corePoolSize":20,"maxPoolSize":50,"poolSize":0,"queueSize":0,"queueType":"LinkedBlockingQueue","remainingCapacity":5000,"threadPoolName":"threadPoolExecutor01"},{"activeCount":0,"appName":"dynamic-thread-pool-test-app","corePoolSize":20,"maxPoolSize":50,"poolSize":0,"queueSize":0,"queueType":"LinkedBlockingQueue","remainingCapacity":5000,"threadPoolName":"threadPoolExecutor02"}]
25-01-06.00:35:40.029 [scheduling-1    ] INFO  ThreadPoolDataReportJob - 动态线程池，上报线程池配置：{"activeCount":0,"appName":"dynamic-thread-pool-test-app","corePoolSize":20,"maxPoolSize":50,"poolSize":0,"queueSize":0,"queueType":"LinkedBlockingQueue","remainingCapacity":5000,"threadPoolName":"threadPoolExecutor01"}
25-01-06.00:35:40.032 [scheduling-1    ] INFO  ThreadPoolDataReportJob - 动态线程池，上报线程池配置：{"activeCount":0,"appName":"dynamic-thread-pool-test-app","corePoolSize":20,"maxPoolSize":50,"poolSize":0,"queueSize":0,"queueType":"LinkedBlockingQueue","remainingCapacity":5000,"threadPoolName":"threadPoolExecutor02"}
25-01-06.00:36:00.014 [scheduling-1    ] INFO  ThreadPoolDataReportJob - 动态线程池，上报线程池信息：[{"activeCount":0,"appName":"dynamic-thread-pool-test-app","corePoolSize":20,"maxPoolSize":50,"poolSize":0,"queueSize":0,"queueType":"LinkedBlockingQueue","remainingCapacity":5000,"threadPoolName":"threadPoolExecutor01"},{"activeCount":0,"appName":"dynamic-thread-pool-test-app","corePoolSize":20,"maxPoolSize":50,"poolSize":0,"queueSize":0,"queueType":"LinkedBlockingQueue","remainingCapacity":5000,"threadPoolName":"threadPoolExecutor02"}]
25-01-06.00:36:00.017 [scheduling-1    ] INFO  ThreadPoolDataReportJob - 动态线程池，上报线程池配置：{"activeCount":0,"appName":"dynamic-thread-pool-test-app","corePoolSize":20,"maxPoolSize":50,"poolSize":0,"queueSize":0,"queueType":"LinkedBlockingQueue","remainingCapacity":5000,"threadPoolName":"threadPoolExecutor01"}
25-01-06.00:36:00.019 [scheduling-1    ] INFO  ThreadPoolDataReportJob - 动态线程池，上报线程池配置：{"activeCount":0,"appName":"dynamic-thread-pool-test-app","corePoolSize":20,"maxPoolSize":50,"poolSize":0,"queueSize":0,"queueType":"LinkedBlockingQueue","remainingCapacity":5000,"threadPoolName":"threadPoolExecutor02"}
25-01-06.00:36:20.010 [scheduling-1    ] INFO  ThreadPoolDataReportJob - 动态线程池，上报线程池信息：[{"activeCount":0,"appName":"dynamic-thread-pool-test-app","corePoolSize":20,"maxPoolSize":50,"poolSize":0,"queueSize":0,"queueType":"LinkedBlockingQueue","remainingCapacity":5000,"threadPoolName":"threadPoolExecutor01"},{"activeCount":0,"appName":"dynamic-thread-pool-test-app","corePoolSize":20,"maxPoolSize":50,"poolSize":0,"queueSize":0,"queueType":"LinkedBlockingQueue","remainingCapacity":5000,"threadPoolName":"threadPoolExecutor02"}]
25-01-06.00:36:20.012 [scheduling-1    ] INFO  ThreadPoolDataReportJob - 动态线程池，上报线程池配置：{"activeCount":0,"appName":"dynamic-thread-pool-test-app","corePoolSize":20,"maxPoolSize":50,"poolSize":0,"queueSize":0,"queueType":"LinkedBlockingQueue","remainingCapacity":5000,"threadPoolName":"threadPoolExecutor01"}
25-01-06.00:36:20.015 [scheduling-1    ] INFO  ThreadPoolDataReportJob - 动态线程池，上报线程池配置：{"activeCount":0,"appName":"dynamic-thread-pool-test-app","corePoolSize":20,"maxPoolSize":50,"poolSize":0,"queueSize":0,"queueType":"LinkedBlockingQueue","remainingCapacity":5000,"threadPoolName":"threadPoolExecutor02"}
25-01-06.00:36:40.010 [scheduling-1    ] INFO  ThreadPoolDataReportJob - 动态线程池，上报线程池信息：[{"activeCount":0,"appName":"dynamic-thread-pool-test-app","corePoolSize":20,"maxPoolSize":50,"poolSize":0,"queueSize":0,"queueType":"LinkedBlockingQueue","remainingCapacity":5000,"threadPoolName":"threadPoolExecutor01"},{"activeCount":0,"appName":"dynamic-thread-pool-test-app","corePoolSize":20,"maxPoolSize":50,"poolSize":0,"queueSize":0,"queueType":"LinkedBlockingQueue","remainingCapacity":5000,"threadPoolName":"threadPoolExecutor02"}]
25-01-06.00:36:40.013 [scheduling-1    ] INFO  ThreadPoolDataReportJob - 动态线程池，上报线程池配置：{"activeCount":0,"appName":"dynamic-thread-pool-test-app","corePoolSize":20,"maxPoolSize":50,"poolSize":0,"queueSize":0,"queueType":"LinkedBlockingQueue","remainingCapacity":5000,"threadPoolName":"threadPoolExecutor01"}
25-01-06.00:36:40.018 [scheduling-1    ] INFO  ThreadPoolDataReportJob - 动态线程池，上报线程池配置：{"activeCount":0,"appName":"dynamic-thread-pool-test-app","corePoolSize":20,"maxPoolSize":50,"poolSize":0,"queueSize":0,"queueType":"LinkedBlockingQueue","remainingCapacity":5000,"threadPoolName":"threadPoolExecutor02"}
25-01-06.00:37:00.008 [scheduling-1    ] INFO  ThreadPoolDataReportJob - 动态线程池，上报线程池信息：[{"activeCount":0,"appName":"dynamic-thread-pool-test-app","corePoolSize":20,"maxPoolSize":50,"poolSize":0,"queueSize":0,"queueType":"LinkedBlockingQueue","remainingCapacity":5000,"threadPoolName":"threadPoolExecutor01"},{"activeCount":0,"appName":"dynamic-thread-pool-test-app","corePoolSize":20,"maxPoolSize":50,"poolSize":0,"queueSize":0,"queueType":"LinkedBlockingQueue","remainingCapacity":5000,"threadPoolName":"threadPoolExecutor02"}]
25-01-06.00:37:00.011 [scheduling-1    ] INFO  ThreadPoolDataReportJob - 动态线程池，上报线程池配置：{"activeCount":0,"appName":"dynamic-thread-pool-test-app","corePoolSize":20,"maxPoolSize":50,"poolSize":0,"queueSize":0,"queueType":"LinkedBlockingQueue","remainingCapacity":5000,"threadPoolName":"threadPoolExecutor01"}
25-01-06.00:37:00.013 [scheduling-1    ] INFO  ThreadPoolDataReportJob - 动态线程池，上报线程池配置：{"activeCount":0,"appName":"dynamic-thread-pool-test-app","corePoolSize":20,"maxPoolSize":50,"poolSize":0,"queueSize":0,"queueType":"LinkedBlockingQueue","remainingCapacity":5000,"threadPoolName":"threadPoolExecutor02"}
25-01-06.00:37:20.008 [scheduling-1    ] INFO  ThreadPoolDataReportJob - 动态线程池，上报线程池信息：[{"activeCount":0,"appName":"dynamic-thread-pool-test-app","corePoolSize":20,"maxPoolSize":50,"poolSize":0,"queueSize":0,"queueType":"LinkedBlockingQueue","remainingCapacity":5000,"threadPoolName":"threadPoolExecutor01"},{"activeCount":0,"appName":"dynamic-thread-pool-test-app","corePoolSize":20,"maxPoolSize":50,"poolSize":0,"queueSize":0,"queueType":"LinkedBlockingQueue","remainingCapacity":5000,"threadPoolName":"threadPoolExecutor02"}]
25-01-06.00:37:20.011 [scheduling-1    ] INFO  ThreadPoolDataReportJob - 动态线程池，上报线程池配置：{"activeCount":0,"appName":"dynamic-thread-pool-test-app","corePoolSize":20,"maxPoolSize":50,"poolSize":0,"queueSize":0,"queueType":"LinkedBlockingQueue","remainingCapacity":5000,"threadPoolName":"threadPoolExecutor01"}
25-01-06.00:37:20.013 [scheduling-1    ] INFO  ThreadPoolDataReportJob - 动态线程池，上报线程池配置：{"activeCount":0,"appName":"dynamic-thread-pool-test-app","corePoolSize":20,"maxPoolSize":50,"poolSize":0,"queueSize":0,"queueType":"LinkedBlockingQueue","remainingCapacity":5000,"threadPoolName":"threadPoolExecutor02"}
25-01-06.00:37:40.034 [scheduling-1    ] INFO  ThreadPoolDataReportJob - 动态线程池，上报线程池信息：[{"activeCount":0,"appName":"dynamic-thread-pool-test-app","corePoolSize":20,"maxPoolSize":50,"poolSize":0,"queueSize":0,"queueType":"LinkedBlockingQueue","remainingCapacity":5000,"threadPoolName":"threadPoolExecutor01"},{"activeCount":0,"appName":"dynamic-thread-pool-test-app","corePoolSize":20,"maxPoolSize":50,"poolSize":0,"queueSize":0,"queueType":"LinkedBlockingQueue","remainingCapacity":5000,"threadPoolName":"threadPoolExecutor02"}]
25-01-06.00:37:40.036 [scheduling-1    ] INFO  ThreadPoolDataReportJob - 动态线程池，上报线程池配置：{"activeCount":0,"appName":"dynamic-thread-pool-test-app","corePoolSize":20,"maxPoolSize":50,"poolSize":0,"queueSize":0,"queueType":"LinkedBlockingQueue","remainingCapacity":5000,"threadPoolName":"threadPoolExecutor01"}
25-01-06.00:37:40.040 [scheduling-1    ] INFO  ThreadPoolDataReportJob - 动态线程池，上报线程池配置：{"activeCount":0,"appName":"dynamic-thread-pool-test-app","corePoolSize":20,"maxPoolSize":50,"poolSize":0,"queueSize":0,"queueType":"LinkedBlockingQueue","remainingCapacity":5000,"threadPoolName":"threadPoolExecutor02"}
25-01-06.00:38:00.007 [scheduling-1    ] INFO  ThreadPoolDataReportJob - 动态线程池，上报线程池信息：[{"activeCount":0,"appName":"dynamic-thread-pool-test-app","corePoolSize":20,"maxPoolSize":50,"poolSize":0,"queueSize":0,"queueType":"LinkedBlockingQueue","remainingCapacity":5000,"threadPoolName":"threadPoolExecutor01"},{"activeCount":0,"appName":"dynamic-thread-pool-test-app","corePoolSize":20,"maxPoolSize":50,"poolSize":0,"queueSize":0,"queueType":"LinkedBlockingQueue","remainingCapacity":5000,"threadPoolName":"threadPoolExecutor02"}]
25-01-06.00:38:00.011 [scheduling-1    ] INFO  ThreadPoolDataReportJob - 动态线程池，上报线程池配置：{"activeCount":0,"appName":"dynamic-thread-pool-test-app","corePoolSize":20,"maxPoolSize":50,"poolSize":0,"queueSize":0,"queueType":"LinkedBlockingQueue","remainingCapacity":5000,"threadPoolName":"threadPoolExecutor01"}
25-01-06.00:38:00.014 [scheduling-1    ] INFO  ThreadPoolDataReportJob - 动态线程池，上报线程池配置：{"activeCount":0,"appName":"dynamic-thread-pool-test-app","corePoolSize":20,"maxPoolSize":50,"poolSize":0,"queueSize":0,"queueType":"LinkedBlockingQueue","remainingCapacity":5000,"threadPoolName":"threadPoolExecutor02"}
25-01-06.00:38:20.010 [scheduling-1    ] INFO  ThreadPoolDataReportJob - 动态线程池，上报线程池信息：[{"activeCount":0,"appName":"dynamic-thread-pool-test-app","corePoolSize":20,"maxPoolSize":50,"poolSize":0,"queueSize":0,"queueType":"LinkedBlockingQueue","remainingCapacity":5000,"threadPoolName":"threadPoolExecutor01"},{"activeCount":0,"appName":"dynamic-thread-pool-test-app","corePoolSize":20,"maxPoolSize":50,"poolSize":0,"queueSize":0,"queueType":"LinkedBlockingQueue","remainingCapacity":5000,"threadPoolName":"threadPoolExecutor02"}]
25-01-06.00:38:20.013 [scheduling-1    ] INFO  ThreadPoolDataReportJob - 动态线程池，上报线程池配置：{"activeCount":0,"appName":"dynamic-thread-pool-test-app","corePoolSize":20,"maxPoolSize":50,"poolSize":0,"queueSize":0,"queueType":"LinkedBlockingQueue","remainingCapacity":5000,"threadPoolName":"threadPoolExecutor01"}
25-01-06.00:38:20.016 [scheduling-1    ] INFO  ThreadPoolDataReportJob - 动态线程池，上报线程池配置：{"activeCount":0,"appName":"dynamic-thread-pool-test-app","corePoolSize":20,"maxPoolSize":50,"poolSize":0,"queueSize":0,"queueType":"LinkedBlockingQueue","remainingCapacity":5000,"threadPoolName":"threadPoolExecutor02"}
25-01-06.00:38:40.008 [scheduling-1    ] INFO  ThreadPoolDataReportJob - 动态线程池，上报线程池信息：[{"activeCount":0,"appName":"dynamic-thread-pool-test-app","corePoolSize":20,"maxPoolSize":50,"poolSize":0,"queueSize":0,"queueType":"LinkedBlockingQueue","remainingCapacity":5000,"threadPoolName":"threadPoolExecutor01"},{"activeCount":0,"appName":"dynamic-thread-pool-test-app","corePoolSize":20,"maxPoolSize":50,"poolSize":0,"queueSize":0,"queueType":"LinkedBlockingQueue","remainingCapacity":5000,"threadPoolName":"threadPoolExecutor02"}]
25-01-06.00:38:40.011 [scheduling-1    ] INFO  ThreadPoolDataReportJob - 动态线程池，上报线程池配置：{"activeCount":0,"appName":"dynamic-thread-pool-test-app","corePoolSize":20,"maxPoolSize":50,"poolSize":0,"queueSize":0,"queueType":"LinkedBlockingQueue","remainingCapacity":5000,"threadPoolName":"threadPoolExecutor01"}
25-01-06.00:38:40.013 [scheduling-1    ] INFO  ThreadPoolDataReportJob - 动态线程池，上报线程池配置：{"activeCount":0,"appName":"dynamic-thread-pool-test-app","corePoolSize":20,"maxPoolSize":50,"poolSize":0,"queueSize":0,"queueType":"LinkedBlockingQueue","remainingCapacity":5000,"threadPoolName":"threadPoolExecutor02"}
25-01-06.00:39:00.018 [scheduling-1    ] INFO  ThreadPoolDataReportJob - 动态线程池，上报线程池信息：[{"activeCount":0,"appName":"dynamic-thread-pool-test-app","corePoolSize":20,"maxPoolSize":50,"poolSize":0,"queueSize":0,"queueType":"LinkedBlockingQueue","remainingCapacity":5000,"threadPoolName":"threadPoolExecutor01"},{"activeCount":0,"appName":"dynamic-thread-pool-test-app","corePoolSize":20,"maxPoolSize":50,"poolSize":0,"queueSize":0,"queueType":"LinkedBlockingQueue","remainingCapacity":5000,"threadPoolName":"threadPoolExecutor02"}]
25-01-06.00:39:00.021 [scheduling-1    ] INFO  ThreadPoolDataReportJob - 动态线程池，上报线程池配置：{"activeCount":0,"appName":"dynamic-thread-pool-test-app","corePoolSize":20,"maxPoolSize":50,"poolSize":0,"queueSize":0,"queueType":"LinkedBlockingQueue","remainingCapacity":5000,"threadPoolName":"threadPoolExecutor01"}
25-01-06.00:39:00.024 [scheduling-1    ] INFO  ThreadPoolDataReportJob - 动态线程池，上报线程池配置：{"activeCount":0,"appName":"dynamic-thread-pool-test-app","corePoolSize":20,"maxPoolSize":50,"poolSize":0,"queueSize":0,"queueType":"LinkedBlockingQueue","remainingCapacity":5000,"threadPoolName":"threadPoolExecutor02"}
25-01-06.00:39:20.009 [scheduling-1    ] INFO  ThreadPoolDataReportJob - 动态线程池，上报线程池信息：[{"activeCount":0,"appName":"dynamic-thread-pool-test-app","corePoolSize":20,"maxPoolSize":50,"poolSize":0,"queueSize":0,"queueType":"LinkedBlockingQueue","remainingCapacity":5000,"threadPoolName":"threadPoolExecutor01"},{"activeCount":0,"appName":"dynamic-thread-pool-test-app","corePoolSize":20,"maxPoolSize":50,"poolSize":0,"queueSize":0,"queueType":"LinkedBlockingQueue","remainingCapacity":5000,"threadPoolName":"threadPoolExecutor02"}]
25-01-06.00:39:20.013 [scheduling-1    ] INFO  ThreadPoolDataReportJob - 动态线程池，上报线程池配置：{"activeCount":0,"appName":"dynamic-thread-pool-test-app","corePoolSize":20,"maxPoolSize":50,"poolSize":0,"queueSize":0,"queueType":"LinkedBlockingQueue","remainingCapacity":5000,"threadPoolName":"threadPoolExecutor01"}
25-01-06.00:39:20.016 [scheduling-1    ] INFO  ThreadPoolDataReportJob - 动态线程池，上报线程池配置：{"activeCount":0,"appName":"dynamic-thread-pool-test-app","corePoolSize":20,"maxPoolSize":50,"poolSize":0,"queueSize":0,"queueType":"LinkedBlockingQueue","remainingCapacity":5000,"threadPoolName":"threadPoolExecutor02"}
25-01-06.00:39:40.008 [scheduling-1    ] INFO  ThreadPoolDataReportJob - 动态线程池，上报线程池信息：[{"activeCount":0,"appName":"dynamic-thread-pool-test-app","corePoolSize":20,"maxPoolSize":50,"poolSize":0,"queueSize":0,"queueType":"LinkedBlockingQueue","remainingCapacity":5000,"threadPoolName":"threadPoolExecutor01"},{"activeCount":0,"appName":"dynamic-thread-pool-test-app","corePoolSize":20,"maxPoolSize":50,"poolSize":0,"queueSize":0,"queueType":"LinkedBlockingQueue","remainingCapacity":5000,"threadPoolName":"threadPoolExecutor02"}]
25-01-06.00:39:40.011 [scheduling-1    ] INFO  ThreadPoolDataReportJob - 动态线程池，上报线程池配置：{"activeCount":0,"appName":"dynamic-thread-pool-test-app","corePoolSize":20,"maxPoolSize":50,"poolSize":0,"queueSize":0,"queueType":"LinkedBlockingQueue","remainingCapacity":5000,"threadPoolName":"threadPoolExecutor01"}
25-01-06.00:39:40.014 [scheduling-1    ] INFO  ThreadPoolDataReportJob - 动态线程池，上报线程池配置：{"activeCount":0,"appName":"dynamic-thread-pool-test-app","corePoolSize":20,"maxPoolSize":50,"poolSize":0,"queueSize":0,"queueType":"LinkedBlockingQueue","remainingCapacity":5000,"threadPoolName":"threadPoolExecutor02"}
25-01-06.00:40:00.010 [scheduling-1    ] INFO  ThreadPoolDataReportJob - 动态线程池，上报线程池信息：[{"activeCount":0,"appName":"dynamic-thread-pool-test-app","corePoolSize":20,"maxPoolSize":50,"poolSize":0,"queueSize":0,"queueType":"LinkedBlockingQueue","remainingCapacity":5000,"threadPoolName":"threadPoolExecutor01"},{"activeCount":0,"appName":"dynamic-thread-pool-test-app","corePoolSize":20,"maxPoolSize":50,"poolSize":0,"queueSize":0,"queueType":"LinkedBlockingQueue","remainingCapacity":5000,"threadPoolName":"threadPoolExecutor02"}]
25-01-06.00:40:00.013 [scheduling-1    ] INFO  ThreadPoolDataReportJob - 动态线程池，上报线程池配置：{"activeCount":0,"appName":"dynamic-thread-pool-test-app","corePoolSize":20,"maxPoolSize":50,"poolSize":0,"queueSize":0,"queueType":"LinkedBlockingQueue","remainingCapacity":5000,"threadPoolName":"threadPoolExecutor01"}
25-01-06.00:40:00.015 [scheduling-1    ] INFO  ThreadPoolDataReportJob - 动态线程池，上报线程池配置：{"activeCount":0,"appName":"dynamic-thread-pool-test-app","corePoolSize":20,"maxPoolSize":50,"poolSize":0,"queueSize":0,"queueType":"LinkedBlockingQueue","remainingCapacity":5000,"threadPoolName":"threadPoolExecutor02"}
25-01-06.00:40:20.007 [scheduling-1    ] INFO  ThreadPoolDataReportJob - 动态线程池，上报线程池信息：[{"activeCount":0,"appName":"dynamic-thread-pool-test-app","corePoolSize":20,"maxPoolSize":50,"poolSize":0,"queueSize":0,"queueType":"LinkedBlockingQueue","remainingCapacity":5000,"threadPoolName":"threadPoolExecutor01"},{"activeCount":0,"appName":"dynamic-thread-pool-test-app","corePoolSize":20,"maxPoolSize":50,"poolSize":0,"queueSize":0,"queueType":"LinkedBlockingQueue","remainingCapacity":5000,"threadPoolName":"threadPoolExecutor02"}]
25-01-06.00:40:20.009 [scheduling-1    ] INFO  ThreadPoolDataReportJob - 动态线程池，上报线程池配置：{"activeCount":0,"appName":"dynamic-thread-pool-test-app","corePoolSize":20,"maxPoolSize":50,"poolSize":0,"queueSize":0,"queueType":"LinkedBlockingQueue","remainingCapacity":5000,"threadPoolName":"threadPoolExecutor01"}
25-01-06.00:40:20.011 [scheduling-1    ] INFO  ThreadPoolDataReportJob - 动态线程池，上报线程池配置：{"activeCount":0,"appName":"dynamic-thread-pool-test-app","corePoolSize":20,"maxPoolSize":50,"poolSize":0,"queueSize":0,"queueType":"LinkedBlockingQueue","remainingCapacity":5000,"threadPoolName":"threadPoolExecutor02"}
25-01-06.00:40:40.007 [scheduling-1    ] INFO  ThreadPoolDataReportJob - 动态线程池，上报线程池信息：[{"activeCount":0,"appName":"dynamic-thread-pool-test-app","corePoolSize":20,"maxPoolSize":50,"poolSize":0,"queueSize":0,"queueType":"LinkedBlockingQueue","remainingCapacity":5000,"threadPoolName":"threadPoolExecutor01"},{"activeCount":0,"appName":"dynamic-thread-pool-test-app","corePoolSize":20,"maxPoolSize":50,"poolSize":0,"queueSize":0,"queueType":"LinkedBlockingQueue","remainingCapacity":5000,"threadPoolName":"threadPoolExecutor02"}]
25-01-06.00:40:40.010 [scheduling-1    ] INFO  ThreadPoolDataReportJob - 动态线程池，上报线程池配置：{"activeCount":0,"appName":"dynamic-thread-pool-test-app","corePoolSize":20,"maxPoolSize":50,"poolSize":0,"queueSize":0,"queueType":"LinkedBlockingQueue","remainingCapacity":5000,"threadPoolName":"threadPoolExecutor01"}
25-01-06.00:40:40.013 [scheduling-1    ] INFO  ThreadPoolDataReportJob - 动态线程池，上报线程池配置：{"activeCount":0,"appName":"dynamic-thread-pool-test-app","corePoolSize":20,"maxPoolSize":50,"poolSize":0,"queueSize":0,"queueType":"LinkedBlockingQueue","remainingCapacity":5000,"threadPoolName":"threadPoolExecutor02"}
25-01-06.00:41:00.005 [scheduling-1    ] INFO  ThreadPoolDataReportJob - 动态线程池，上报线程池信息：[{"activeCount":0,"appName":"dynamic-thread-pool-test-app","corePoolSize":20,"maxPoolSize":50,"poolSize":0,"queueSize":0,"queueType":"LinkedBlockingQueue","remainingCapacity":5000,"threadPoolName":"threadPoolExecutor01"},{"activeCount":0,"appName":"dynamic-thread-pool-test-app","corePoolSize":20,"maxPoolSize":50,"poolSize":0,"queueSize":0,"queueType":"LinkedBlockingQueue","remainingCapacity":5000,"threadPoolName":"threadPoolExecutor02"}]
25-01-06.00:41:00.008 [scheduling-1    ] INFO  ThreadPoolDataReportJob - 动态线程池，上报线程池配置：{"activeCount":0,"appName":"dynamic-thread-pool-test-app","corePoolSize":20,"maxPoolSize":50,"poolSize":0,"queueSize":0,"queueType":"LinkedBlockingQueue","remainingCapacity":5000,"threadPoolName":"threadPoolExecutor01"}
25-01-06.00:41:00.010 [scheduling-1    ] INFO  ThreadPoolDataReportJob - 动态线程池，上报线程池配置：{"activeCount":0,"appName":"dynamic-thread-pool-test-app","corePoolSize":20,"maxPoolSize":50,"poolSize":0,"queueSize":0,"queueType":"LinkedBlockingQueue","remainingCapacity":5000,"threadPoolName":"threadPoolExecutor02"}
25-01-06.00:41:20.009 [scheduling-1    ] INFO  ThreadPoolDataReportJob - 动态线程池，上报线程池信息：[{"activeCount":0,"appName":"dynamic-thread-pool-test-app","corePoolSize":20,"maxPoolSize":50,"poolSize":0,"queueSize":0,"queueType":"LinkedBlockingQueue","remainingCapacity":5000,"threadPoolName":"threadPoolExecutor01"},{"activeCount":0,"appName":"dynamic-thread-pool-test-app","corePoolSize":20,"maxPoolSize":50,"poolSize":0,"queueSize":0,"queueType":"LinkedBlockingQueue","remainingCapacity":5000,"threadPoolName":"threadPoolExecutor02"}]
25-01-06.00:41:20.012 [scheduling-1    ] INFO  ThreadPoolDataReportJob - 动态线程池，上报线程池配置：{"activeCount":0,"appName":"dynamic-thread-pool-test-app","corePoolSize":20,"maxPoolSize":50,"poolSize":0,"queueSize":0,"queueType":"LinkedBlockingQueue","remainingCapacity":5000,"threadPoolName":"threadPoolExecutor01"}
25-01-06.00:41:20.015 [scheduling-1    ] INFO  ThreadPoolDataReportJob - 动态线程池，上报线程池配置：{"activeCount":0,"appName":"dynamic-thread-pool-test-app","corePoolSize":20,"maxPoolSize":50,"poolSize":0,"queueSize":0,"queueType":"LinkedBlockingQueue","remainingCapacity":5000,"threadPoolName":"threadPoolExecutor02"}
25-01-06.00:41:40.019 [scheduling-1    ] INFO  ThreadPoolDataReportJob - 动态线程池，上报线程池信息：[{"activeCount":0,"appName":"dynamic-thread-pool-test-app","corePoolSize":20,"maxPoolSize":50,"poolSize":0,"queueSize":0,"queueType":"LinkedBlockingQueue","remainingCapacity":5000,"threadPoolName":"threadPoolExecutor01"},{"activeCount":0,"appName":"dynamic-thread-pool-test-app","corePoolSize":20,"maxPoolSize":50,"poolSize":0,"queueSize":0,"queueType":"LinkedBlockingQueue","remainingCapacity":5000,"threadPoolName":"threadPoolExecutor02"}]
25-01-06.00:41:40.023 [scheduling-1    ] INFO  ThreadPoolDataReportJob - 动态线程池，上报线程池配置：{"activeCount":0,"appName":"dynamic-thread-pool-test-app","corePoolSize":20,"maxPoolSize":50,"poolSize":0,"queueSize":0,"queueType":"LinkedBlockingQueue","remainingCapacity":5000,"threadPoolName":"threadPoolExecutor01"}
25-01-06.00:41:40.025 [scheduling-1    ] INFO  ThreadPoolDataReportJob - 动态线程池，上报线程池配置：{"activeCount":0,"appName":"dynamic-thread-pool-test-app","corePoolSize":20,"maxPoolSize":50,"poolSize":0,"queueSize":0,"queueType":"LinkedBlockingQueue","remainingCapacity":5000,"threadPoolName":"threadPoolExecutor02"}
25-01-06.01:30:16.843 [main            ] INFO  Application            - Starting Application using Java 17.0.9 on MacBook-Pro-2.local with PID 53795 (/Users/xiexiaoran/Documents/GitHub/Dynamic-ThreadPool/dynamic-thread-pool/dynamic-thread-pool-test/target/classes started by xiexiaoran in /Users/xiexiaoran/Documents/GitHub/Dynamic-ThreadPool/dynamic-thread-pool)
25-01-06.01:30:16.845 [main            ] INFO  Application            - The following 1 profile is active: "dev"
25-01-06.01:30:17.697 [main            ] INFO  RepositoryConfigurationDelegate - Multiple Spring Data modules found, entering strict repository configuration mode
25-01-06.01:30:17.700 [main            ] INFO  RepositoryConfigurationDelegate - Bootstrapping Spring Data Redis repositories in DEFAULT mode.
25-01-06.01:30:17.724 [main            ] INFO  RepositoryConfigurationDelegate - Finished Spring Data repository scanning in 7 ms. Found 0 Redis repository interfaces.
25-01-06.01:30:18.191 [main            ] INFO  TomcatWebServer        - Tomcat initialized with port(s): 8091 (http)
25-01-06.01:30:18.200 [main            ] INFO  Http11NioProtocol      - Initializing ProtocolHandler ["http-nio-8091"]
25-01-06.01:30:18.200 [main            ] INFO  StandardService        - Starting service [Tomcat]
25-01-06.01:30:18.200 [main            ] INFO  StandardEngine         - Starting Servlet engine: [Apache Tomcat/9.0.75]
25-01-06.01:30:18.297 [main            ] INFO  [/]                    - Initializing Spring embedded WebApplicationContext
25-01-06.01:30:18.297 [main            ] INFO  ServletWebServerApplicationContext - Root WebApplicationContext: initialization completed in 1402 ms
25-01-06.01:30:19.188 [main            ] INFO  Version                - Redisson 3.26.0
25-01-06.01:30:19.239 [main            ] WARN  DnsServerAddressStreamProviders - Can not find io.netty.resolver.dns.macos.MacOSDnsServerAddressStreamProvider in the classpath, fallback to system defaults. This may result in incorrect DNS resolutions on MacOS. Check whether you have a dependency on 'io.netty:netty-resolver-dns-native-macos'
25-01-06.01:30:19.403 [redisson-netty-1-4] INFO  ConnectionsHolder      - 1 connections initialized for 127.0.0.1/127.0.0.1:16379
25-01-06.01:30:19.419 [redisson-netty-1-23] INFO  ConnectionsHolder      - 10 connections initialized for 127.0.0.1/127.0.0.1:16379
25-01-06.01:30:19.451 [main            ] INFO  DynamicThreadPoolAutoConfig - 动态线程池，注册器（redis）链接初始化完成。127.0.0.1 64 true
25-01-06.01:30:19.843 [main            ] INFO  EndpointLinksResolver  - Exposing 1 endpoint(s) beneath base path '/actuator'
25-01-06.01:30:19.868 [main            ] INFO  Http11NioProtocol      - Starting ProtocolHandler ["http-nio-8091"]
25-01-06.01:30:19.878 [main            ] INFO  TomcatWebServer        - Tomcat started on port(s): 8091 (http) with context path ''
25-01-06.01:30:19.896 [main            ] INFO  Application            - Started Application in 3.564 seconds (JVM running for 4.216)
25-01-06.01:30:20.120 [RMI TCP Connection(2)-127.0.0.1] INFO  [/]                    - Initializing Spring DispatcherServlet 'dispatcherServlet'
25-01-06.01:30:20.120 [RMI TCP Connection(2)-127.0.0.1] INFO  DispatcherServlet      - Initializing Servlet 'dispatcherServlet'
25-01-06.01:30:20.121 [RMI TCP Connection(2)-127.0.0.1] INFO  DispatcherServlet      - Completed initialization in 1 ms
25-01-06.01:30:20.245 [scheduling-1    ] INFO  ThreadPoolDataReportJob - 动态线程池，上报线程池信息：[{"activeCount":0,"appName":"dynamic-thread-pool-test-app","corePoolSize":20,"maxPoolSize":50,"poolSize":0,"queueSize":0,"queueType":"LinkedBlockingQueue","remainingCapacity":5000,"threadPoolName":"threadPoolExecutor01"},{"activeCount":0,"appName":"dynamic-thread-pool-test-app","corePoolSize":20,"maxPoolSize":50,"poolSize":0,"queueSize":0,"queueType":"LinkedBlockingQueue","remainingCapacity":5000,"threadPoolName":"threadPoolExecutor02"}]
25-01-06.01:30:20.250 [scheduling-1    ] INFO  ThreadPoolDataReportJob - 动态线程池，上报线程池配置：{"activeCount":0,"appName":"dynamic-thread-pool-test-app","corePoolSize":20,"maxPoolSize":50,"poolSize":0,"queueSize":0,"queueType":"LinkedBlockingQueue","remainingCapacity":5000,"threadPoolName":"threadPoolExecutor01"}
25-01-06.01:30:20.254 [scheduling-1    ] INFO  ThreadPoolDataReportJob - 动态线程池，上报线程池配置：{"activeCount":0,"appName":"dynamic-thread-pool-test-app","corePoolSize":20,"maxPoolSize":50,"poolSize":0,"queueSize":0,"queueType":"LinkedBlockingQueue","remainingCapacity":5000,"threadPoolName":"threadPoolExecutor02"}
25-01-06.01:30:40.018 [scheduling-1    ] INFO  ThreadPoolDataReportJob - 动态线程池，上报线程池信息：[{"activeCount":0,"appName":"dynamic-thread-pool-test-app","corePoolSize":20,"maxPoolSize":50,"poolSize":0,"queueSize":0,"queueType":"LinkedBlockingQueue","remainingCapacity":5000,"threadPoolName":"threadPoolExecutor01"},{"activeCount":0,"appName":"dynamic-thread-pool-test-app","corePoolSize":20,"maxPoolSize":50,"poolSize":0,"queueSize":0,"queueType":"LinkedBlockingQueue","remainingCapacity":5000,"threadPoolName":"threadPoolExecutor02"}]
25-01-06.01:30:40.023 [scheduling-1    ] INFO  ThreadPoolDataReportJob - 动态线程池，上报线程池配置：{"activeCount":0,"appName":"dynamic-thread-pool-test-app","corePoolSize":20,"maxPoolSize":50,"poolSize":0,"queueSize":0,"queueType":"LinkedBlockingQueue","remainingCapacity":5000,"threadPoolName":"threadPoolExecutor01"}
25-01-06.01:30:40.025 [scheduling-1    ] INFO  ThreadPoolDataReportJob - 动态线程池，上报线程池配置：{"activeCount":0,"appName":"dynamic-thread-pool-test-app","corePoolSize":20,"maxPoolSize":50,"poolSize":0,"queueSize":0,"queueType":"LinkedBlockingQueue","remainingCapacity":5000,"threadPoolName":"threadPoolExecutor02"}
25-01-06.01:32:25.648 [main            ] INFO  Application            - Starting Application using Java 17.0.9 on MacBook-Pro-2.local with PID 53834 (/Users/xiexiaoran/Documents/GitHub/Dynamic-ThreadPool/dynamic-thread-pool/dynamic-thread-pool-admin/target/classes started by xiexiaoran in /Users/xiexiaoran/Documents/GitHub/Dynamic-ThreadPool/dynamic-thread-pool)
25-01-06.01:32:25.651 [main            ] INFO  Application            - The following 1 profile is active: "dev"
25-01-06.01:32:26.395 [main            ] INFO  RepositoryConfigurationDelegate - Multiple Spring Data modules found, entering strict repository configuration mode
25-01-06.01:32:26.398 [main            ] INFO  RepositoryConfigurationDelegate - Bootstrapping Spring Data Redis repositories in DEFAULT mode.
25-01-06.01:32:26.419 [main            ] INFO  RepositoryConfigurationDelegate - Finished Spring Data repository scanning in 5 ms. Found 0 Redis repository interfaces.
25-01-06.01:32:26.837 [main            ] INFO  TomcatWebServer        - Tomcat initialized with port(s): 8089 (http)
25-01-06.01:32:26.845 [main            ] INFO  Http11NioProtocol      - Initializing ProtocolHandler ["http-nio-8089"]
25-01-06.01:32:26.845 [main            ] INFO  StandardService        - Starting service [Tomcat]
25-01-06.01:32:26.845 [main            ] INFO  StandardEngine         - Starting Servlet engine: [Apache Tomcat/9.0.75]
25-01-06.01:32:26.932 [main            ] INFO  [/]                    - Initializing Spring embedded WebApplicationContext
25-01-06.01:32:26.933 [main            ] INFO  ServletWebServerApplicationContext - Root WebApplicationContext: initialization completed in 1221 ms
25-01-06.01:32:27.266 [main            ] INFO  Version                - Redisson 3.26.0
25-01-06.01:32:27.310 [main            ] WARN  DnsServerAddressStreamProviders - Can not find io.netty.resolver.dns.macos.MacOSDnsServerAddressStreamProvider in the classpath, fallback to system defaults. This may result in incorrect DNS resolutions on MacOS. Check whether you have a dependency on 'io.netty:netty-resolver-dns-native-macos'
25-01-06.01:32:27.476 [redisson-netty-1-4] INFO  ConnectionsHolder      - 1 connections initialized for 127.0.0.1/127.0.0.1:16379
25-01-06.01:32:27.503 [redisson-netty-1-13] INFO  ConnectionsHolder      - 5 connections initialized for 127.0.0.1/127.0.0.1:16379
25-01-06.01:32:28.250 [main            ] INFO  EndpointLinksResolver  - Exposing 1 endpoint(s) beneath base path '/actuator'
25-01-06.01:32:28.271 [main            ] INFO  Http11NioProtocol      - Starting ProtocolHandler ["http-nio-8089"]
25-01-06.01:32:28.280 [main            ] INFO  TomcatWebServer        - Tomcat started on port(s): 8089 (http) with context path ''
25-01-06.01:32:28.294 [main            ] INFO  Application            - Started Application in 3.166 seconds (JVM running for 3.914)
25-01-06.01:32:28.564 [RMI TCP Connection(3)-127.0.0.1] INFO  [/]                    - Initializing Spring DispatcherServlet 'dispatcherServlet'
25-01-06.01:32:28.564 [RMI TCP Connection(3)-127.0.0.1] INFO  DispatcherServlet      - Initializing Servlet 'dispatcherServlet'
25-01-06.01:32:28.565 [RMI TCP Connection(3)-127.0.0.1] INFO  DispatcherServlet      - Completed initialization in 1 ms
25-01-06.01:32:40.528 [http-nio-8089-exec-4] INFO  DynamicThreadPoolController - 修改线程池配置开始 dynamic-thread-pool-test-app threadPoolExecutor01 {"activeCount":0,"appName":"dynamic-thread-pool-test-app","corePoolSize":30,"maximumPoolSize":0,"poolSize":0,"queueSize":0,"remainingCapacity":0,"threadPoolName":"threadPoolExecutor01"}
25-01-06.01:32:40.538 [http-nio-8089-exec-4] INFO  DynamicThreadPoolController - 修改线程池配置完成 dynamic-thread-pool-test-app threadPoolExecutor01
25-01-06.01:33:23.685 [http-nio-8089-exec-10] INFO  DynamicThreadPoolController - 修改线程池配置开始 dynamic-thread-pool-test-app threadPoolExecutor01 {"activeCount":0,"appName":"dynamic-thread-pool-test-app","corePoolSize":31,"maximumPoolSize":0,"poolSize":0,"queueSize":0,"remainingCapacity":0,"threadPoolName":"threadPoolExecutor01"}
25-01-06.01:33:23.691 [http-nio-8089-exec-10] INFO  DynamicThreadPoolController - 修改线程池配置完成 dynamic-thread-pool-test-app threadPoolExecutor01
